  Scanning sources for module dependencies...
  combat_attack.h
  Compiling...
  combat_attack.h
C:\Users\welli\source\repos\Simple_Console_RPG\Simple_Console_RPG\utils.h(12,11): warning C5260: the constant variable 'COMPONENTS_NUM' has internal linkage in an included header file context, but external linkage in imported header unit context; consider declaring it 'inline' as well if it will be shared across translation units, or 'static' to express intent to use it local to this translation unit
C:\Users\welli\source\repos\Simple_Console_RPG\Simple_Console_RPG\utils.h(13,11): warning C5260: the constant variable 'INITIAL_SPELLPOINTS' has internal linkage in an included header file context, but external linkage in imported header unit context; consider declaring it 'inline' as well if it will be shared across translation units, or 'static' to express intent to use it local to this translation unit
  Component.cpp
  blueprints_rating0.cpp
C:\Users\welli\source\repos\Simple_Console_RPG\Simple_Console_RPG\Systems\System_Blueprint\blueprint_beasts\blueprints_rating0.cpp(1,1): error C1083: Cannot open include file: 'enemies.h': No such file or directory
  blueprint_player.cpp
C:\Users\welli\source\repos\Simple_Console_RPG\Simple_Console_RPG\Systems\System_Blueprint\blueprint_playable\blueprint_player.cpp(18,42): error C2065: 'generate': undeclared identifier
C:\Users\welli\source\repos\Simple_Console_RPG\Simple_Console_RPG\Systems\System_Blueprint\blueprint_playable\blueprint_player.cpp(18,17): error C2659: '=': function as left operand
C:\Users\welli\source\repos\Simple_Console_RPG\Simple_Console_RPG\Systems\System_Blueprint\blueprint_playable\blueprint_player.cpp(20,1): error C2143: syntax error: missing ';' before '}'
  generate_armor.cpp
C:\Users\welli\source\repos\Simple_Console_RPG\Simple_Console_RPG\Systems\System_Containers\Containers.h(14,10): error C3861: 'scoreContainer': identifier not found
C:\Users\welli\source\repos\Simple_Console_RPG\Simple_Console_RPG\Systems\System_Containers\Containers.h(17,10): error C3861: 'infoContainer': identifier not found
C:\Users\welli\source\repos\Simple_Console_RPG\Simple_Console_RPG\Systems\System_Containers\Containers.h(20,10): error C3861: 'levelContainer': identifier not found
C:\Users\welli\source\repos\Simple_Console_RPG\Simple_Console_RPG\Systems\System_Containers\Containers.h(23,10): error C3861: 'pointsContainer': identifier not found
C:\Users\welli\source\repos\Simple_Console_RPG\Simple_Console_RPG\Systems\System_Containers\Containers.h(26,10): error C3861: 'statsContainer': identifier not found
C:\Users\welli\source\repos\Simple_Console_RPG\Simple_Console_RPG\Systems\System_Containers\Containers.h(29,10): error C3861: 'armorContainer': identifier not found
C:\Users\welli\source\repos\Simple_Console_RPG\Simple_Console_RPG\Systems\System_Containers\Containers.h(32,10): error C3861: 'mainHandContainer': identifier not found
C:\Users\welli\source\repos\Simple_Console_RPG\Simple_Console_RPG\Systems\System_Containers\Containers.h(35,10): error C3861: 'offHandContainer': identifier not found
C:\Users\welli\source\repos\Simple_Console_RPG\Simple_Console_RPG\Systems\System_Containers\Containers.h(38,10): error C3861: 'castContainer': identifier not found
C:\Users\welli\source\repos\Simple_Console_RPG\Simple_Console_RPG\Systems\System_Containers\Containers.h(41,10): error C3861: 'natArmorContainer': identifier not found
C:\Users\welli\source\repos\Simple_Console_RPG\Simple_Console_RPG\Systems\System_Containers\Containers.h(44,10): error C3861: 'natWeaponsContainer': identifier not found
C:\Users\welli\source\repos\Simple_Console_RPG\Simple_Console_RPG\Systems\System_Containers\Containers.h(14,10): error C2065: 'scoreContainer': undeclared identifier
C:\Users\welli\source\repos\Simple_Console_RPG\Simple_Console_RPG\Systems\System_Containers\Containers.h(17,10): error C2065: 'infoContainer': undeclared identifier
C:\Users\welli\source\repos\Simple_Console_RPG\Simple_Console_RPG\Systems\System_Containers\Containers.h(20,10): error C2065: 'levelContainer': undeclared identifier
C:\Users\welli\source\repos\Simple_Console_RPG\Simple_Console_RPG\Systems\System_Containers\Containers.h(23,10): error C2065: 'pointsContainer': undeclared identifier
C:\Users\welli\source\repos\Simple_Console_RPG\Simple_Console_RPG\Systems\System_Containers\Containers.h(26,10): error C2065: 'statsContainer': undeclared identifier
C:\Users\welli\source\repos\Simple_Console_RPG\Simple_Console_RPG\Systems\System_Containers\Containers.h(29,10): error C2065: 'armorContainer': undeclared identifier
C:\Users\welli\source\repos\Simple_Console_RPG\Simple_Console_RPG\Systems\System_Containers\Containers.h(32,10): error C2065: 'mainHandContainer': undeclared identifier
C:\Users\welli\source\repos\Simple_Console_RPG\Simple_Console_RPG\Systems\System_Containers\Containers.h(35,10): error C2065: 'offHandContainer': undeclared identifier
C:\Users\welli\source\repos\Simple_Console_RPG\Simple_Console_RPG\Systems\System_Containers\Containers.h(38,10): error C2065: 'castContainer': undeclared identifier
C:\Users\welli\source\repos\Simple_Console_RPG\Simple_Console_RPG\Systems\System_Containers\Containers.h(41,10): error C2065: 'natArmorContainer': undeclared identifier
C:\Users\welli\source\repos\Simple_Console_RPG\Simple_Console_RPG\Systems\System_Containers\Containers.h(44,10): error C2065: 'natWeaponsContainer': undeclared identifier
C:\Users\welli\source\repos\Simple_Console_RPG\Item_Library\Systems\System_Containers\Containers.h(6,31): error C2061: syntax error: identifier 'ItemCompList'
C:\Users\welli\source\repos\Simple_Console_RPG\Simple_Console_RPG\Systems\System_Blueprint\generate_armor.cpp(6,38): error C2061: syntax error: identifier 'Blueprint'
C:\Users\welli\source\repos\Simple_Console_RPG\Simple_Console_RPG\Systems\System_Blueprint\generate_armor.cpp(15,3): error C2065: 'blueprint': undeclared identifier
C:\Users\welli\source\repos\Simple_Console_RPG\Simple_Console_RPG\Systems\System_Blueprint\generate_armor.cpp(26,3): error C2065: 'blueprint': undeclared identifier
C:\Users\welli\source\repos\Simple_Console_RPG\Simple_Console_RPG\Systems\System_Blueprint\generate_armor.cpp(33,3): error C2065: 'blueprint': undeclared identifier
  generate_cast.cpp
C:\Users\welli\source\repos\Simple_Console_RPG\Item_Library\Systems\System_Containers\Containers.h(6,31): error C2061: syntax error: identifier 'ItemCompList'
  generate_info.cpp
C:\Program Files\Microsoft Visual Studio\2022\Community\VC\Tools\MSVC\14.40.33807\include\utility(462,10): error C2259: 'CondEffect': cannot instantiate abstract class
  generate_main-hand.cpp
C:\Users\welli\source\repos\Simple_Console_RPG\Item_Library\Systems\System_Containers\Containers.h(6,31): error C2061: syntax error: identifier 'ItemCompList'
  generate_off-hand.cpp
C:\Users\welli\source\repos\Simple_Console_RPG\Item_Library\Systems\System_Containers\Containers.h(6,31): error C2061: syntax error: identifier 'ItemCompList'
  generate_score.cpp
C:\Users\welli\source\repos\Simple_Console_RPG\Simple_Console_RPG\Systems\System_Blueprint\generate_score.cpp(25,19): warning C4244: 'argument': conversion from 'time_t' to 'unsigned int', possible loss of data
C:\Program Files\Microsoft Visual Studio\2022\Community\VC\Tools\MSVC\14.40.33807\include\utility(462,10): error C2259: 'CondEffect': cannot instantiate abstract class
  generate_name.cpp
  combat_attack.cpp
C:\Users\welli\source\repos\Simple_Console_RPG\Simple_Console_RPG\Systems\Old\includes\system_components.h(13,1): error C1083: Cannot open include file: '..\..\Components\comp_equips.h': No such file or directory
  creation_playable.cpp
C:\Users\welli\source\repos\Simple_Console_RPG\Simple_Console_RPG\Systems\System_Blueprint\creation_playable.cpp(1,4): error C2059: syntax error: 'switch'
C:\Users\welli\source\repos\Simple_Console_RPG\Simple_Console_RPG\Systems\System_Blueprint\creation_playable.cpp(1,15): error C2143: syntax error: missing ';' before '{'
C:\Users\welli\source\repos\Simple_Console_RPG\Simple_Console_RPG\Systems\System_Blueprint\creation_playable.cpp(1,15): error C2447: '{': missing function header (old-style formal list?)
C:\Users\welli\source\repos\Simple_Console_RPG\Simple_Console_RPG\Systems\System_Blueprint\creation_playable.cpp(59,1): error C1004: unexpected end-of-file found
  combat_map.cpp
C:\Users\welli\source\repos\Simple_Console_RPG\Simple_Console_RPG\Systems\Old\includes\combat_map.h(8,1): error C1083: Cannot open include file: '..\..\..\lib\includes\lib_primitives.h': No such file or directory
  creation_enemy.cpp
C:\Users\welli\source\repos\Simple_Console_RPG\Simple_Console_RPG\Systems\System_Blueprint\creation_enemy.cpp(1,1): error C1083: Cannot open include file: 'includes\creation_enemy.h': No such file or directory
  entity.cpp
  main.cpp
C:\Users\welli\source\repos\Simple_Console_RPG\Simple_Console_RPG\main.cpp(3,1): error C1083: Cannot open include file: '..\lib\includes\lib_entity.h': No such file or directory
  equip_song.cpp
C:\Users\welli\source\repos\Simple_Console_RPG\Simple_Console_RPG\Systems\Old\includes\equip_song.h(3,1): error C1083: Cannot open include file: '..\..\lib\includes\lib_entity.h': No such file or directory
  equip_armor.cpp
C:\Users\welli\source\repos\Simple_Console_RPG\Simple_Console_RPG\Systems\Old\includes\equip_armor.h(3,1): error C1083: Cannot open include file: '..\..\..\lib\includes\lib_entity.h': No such file or directory
  equip_spell.cpp
C:\Users\welli\source\repos\Simple_Console_RPG\Simple_Console_RPG\Systems\Old\includes\equip_spell.h(3,1): error C1083: Cannot open include file: '..\..\lib\includes\lib_entity.h': No such file or directory
  equip_weapon.cpp
C:\Users\welli\source\repos\Simple_Console_RPG\Simple_Console_RPG\Systems\Old\includes\equip_weapon.h(3,1): error C1083: Cannot open include file: '..\..\..\lib\includes\lib_entity.h': No such file or directory
  Compiling...
  equip_pray.cpp
C:\Users\welli\source\repos\Simple_Console_RPG\Simple_Console_RPG\Systems\Old\includes\equip_pray.h(3,1): error C1083: Cannot open include file: '..\..\lib\includes\lib_entity.h': No such file or directory
  system_hiring.cpp
C:\Users\welli\source\repos\Simple_Console_RPG\Simple_Console_RPG\Systems\Old\includes\creation_playable.h(3,1): error C1083: Cannot open include file: '..\..\..\lib\includes\lib_primitives.h': No such file or directory
  system_inventory.cpp
  system_encounter.cpp
C:\Users\welli\source\repos\Simple_Console_RPG\Simple_Console_RPG\Systems\Old\includes\creation_enemy.h(3,1): error C1083: Cannot open include file: '..\..\..\lib\includes\lib_enemy.h': No such file or directory
  system_dice.cpp
C:\Users\welli\source\repos\Simple_Console_RPG\Simple_Console_RPG\Systems\Old\includes\system_components.h(13,1): error C1083: Cannot open include file: '..\..\Components\comp_equips.h': No such file or directory
  combat_initiative.cpp
C:\Users\welli\source\repos\Simple_Console_RPG\Simple_Console_RPG\Systems\Old\includes\combat_initiative.h(5,1): error C1083: Cannot open include file: '..\..\..\lib\includes\lib_primitives.h': No such file or directory
  Containers.cpp
C:\Users\welli\source\repos\Simple_Console_RPG\Simple_Console_RPG\Systems\System_Containers\Containers.h(14,10): error C3861: 'scoreContainer': identifier not found
C:\Users\welli\source\repos\Simple_Console_RPG\Simple_Console_RPG\Systems\System_Containers\Containers.h(17,10): error C3861: 'infoContainer': identifier not found
C:\Users\welli\source\repos\Simple_Console_RPG\Simple_Console_RPG\Systems\System_Containers\Containers.h(20,10): error C3861: 'levelContainer': identifier not found
C:\Users\welli\source\repos\Simple_Console_RPG\Simple_Console_RPG\Systems\System_Containers\Containers.h(23,10): error C3861: 'pointsContainer': identifier not found
C:\Users\welli\source\repos\Simple_Console_RPG\Simple_Console_RPG\Systems\System_Containers\Containers.h(26,10): error C3861: 'statsContainer': identifier not found
C:\Users\welli\source\repos\Simple_Console_RPG\Simple_Console_RPG\Systems\System_Containers\Containers.h(29,10): error C3861: 'armorContainer': identifier not found
C:\Users\welli\source\repos\Simple_Console_RPG\Simple_Console_RPG\Systems\System_Containers\Containers.h(32,10): error C3861: 'mainHandContainer': identifier not found
C:\Users\welli\source\repos\Simple_Console_RPG\Simple_Console_RPG\Systems\System_Containers\Containers.h(35,10): error C3861: 'offHandContainer': identifier not found
C:\Users\welli\source\repos\Simple_Console_RPG\Simple_Console_RPG\Systems\System_Containers\Containers.h(38,10): error C3861: 'castContainer': identifier not found
C:\Users\welli\source\repos\Simple_Console_RPG\Simple_Console_RPG\Systems\System_Containers\Containers.h(41,10): error C3861: 'natArmorContainer': identifier not found
C:\Users\welli\source\repos\Simple_Console_RPG\Simple_Console_RPG\Systems\System_Containers\Containers.h(44,10): error C3861: 'natWeaponsContainer': identifier not found
C:\Users\welli\source\repos\Simple_Console_RPG\Simple_Console_RPG\Systems\System_Containers\Containers.h(14,10): error C2065: 'scoreContainer': undeclared identifier
C:\Users\welli\source\repos\Simple_Console_RPG\Simple_Console_RPG\Systems\System_Containers\Containers.h(17,10): error C2065: 'infoContainer': undeclared identifier
C:\Users\welli\source\repos\Simple_Console_RPG\Simple_Console_RPG\Systems\System_Containers\Containers.h(20,10): error C2065: 'levelContainer': undeclared identifier
C:\Users\welli\source\repos\Simple_Console_RPG\Simple_Console_RPG\Systems\System_Containers\Containers.h(23,10): error C2065: 'pointsContainer': undeclared identifier
C:\Users\welli\source\repos\Simple_Console_RPG\Simple_Console_RPG\Systems\System_Containers\Containers.h(26,10): error C2065: 'statsContainer': undeclared identifier
C:\Users\welli\source\repos\Simple_Console_RPG\Simple_Console_RPG\Systems\System_Containers\Containers.h(29,10): error C2065: 'armorContainer': undeclared identifier
C:\Users\welli\source\repos\Simple_Console_RPG\Simple_Console_RPG\Systems\System_Containers\Containers.h(32,10): error C2065: 'mainHandContainer': undeclared identifier
C:\Users\welli\source\repos\Simple_Console_RPG\Simple_Console_RPG\Systems\System_Containers\Containers.h(35,10): error C2065: 'offHandContainer': undeclared identifier
C:\Users\welli\source\repos\Simple_Console_RPG\Simple_Console_RPG\Systems\System_Containers\Containers.h(38,10): error C2065: 'castContainer': undeclared identifier
C:\Users\welli\source\repos\Simple_Console_RPG\Simple_Console_RPG\Systems\System_Containers\Containers.h(41,10): error C2065: 'natArmorContainer': undeclared identifier
C:\Users\welli\source\repos\Simple_Console_RPG\Simple_Console_RPG\Systems\System_Containers\Containers.h(44,10): error C2065: 'natWeaponsContainer': undeclared identifier
